  lab2.cpp
D:\jiza\labs\lab-2\lab2\lab2.cpp(93,68): warning C4267: аргумент: преобразование из "size_t" в "_Ty"; возможна потеря данных
D:\jiza\labs\lab-2\lab2\lab2.cpp(93,68): warning C4267:         with
D:\jiza\labs\lab-2\lab2\lab2.cpp(93,68): warning C4267:         [
D:\jiza\labs\lab-2\lab2\lab2.cpp(93,68): warning C4267:             _Ty=int
D:\jiza\labs\lab-2\lab2\lab2.cpp(93,68): warning C4267:         ]
D:\jiza\labs\lab-2\lab2\lab2.cpp(94,72): warning C4267: аргумент: преобразование из "size_t" в "_Ty"; возможна потеря данных
D:\jiza\labs\lab-2\lab2\lab2.cpp(94,72): warning C4267:         with
D:\jiza\labs\lab-2\lab2\lab2.cpp(94,72): warning C4267:         [
D:\jiza\labs\lab-2\lab2\lab2.cpp(94,72): warning C4267:             _Ty=int
D:\jiza\labs\lab-2\lab2\lab2.cpp(94,72): warning C4267:         ]
D:\jiza\labs\lab-2\lab2\lab2.cpp(95,74): warning C4267: аргумент: преобразование из "size_t" в "_Ty"; возможна потеря данных
D:\jiza\labs\lab-2\lab2\lab2.cpp(95,74): warning C4267:         with
D:\jiza\labs\lab-2\lab2\lab2.cpp(95,74): warning C4267:         [
D:\jiza\labs\lab-2\lab2\lab2.cpp(95,74): warning C4267:             _Ty=int
D:\jiza\labs\lab-2\lab2\lab2.cpp(95,74): warning C4267:         ]
D:\jiza\labs\lab-2\lab2\lab2.cpp(165,58): warning C4267: аргумент: преобразование из "size_t" в "_Ty"; возможна потеря данных
D:\jiza\labs\lab-2\lab2\lab2.cpp(165,58): warning C4267:         with
D:\jiza\labs\lab-2\lab2\lab2.cpp(165,58): warning C4267:         [
D:\jiza\labs\lab-2\lab2\lab2.cpp(165,58): warning C4267:             _Ty=int
D:\jiza\labs\lab-2\lab2\lab2.cpp(165,58): warning C4267:         ]
D:\jiza\labs\lab-2\lab2\lab2.cpp(166,66): warning C4267: аргумент: преобразование из "size_t" в "_Ty"; возможна потеря данных
D:\jiza\labs\lab-2\lab2\lab2.cpp(166,66): warning C4267:         with
D:\jiza\labs\lab-2\lab2\lab2.cpp(166,66): warning C4267:         [
D:\jiza\labs\lab-2\lab2\lab2.cpp(166,66): warning C4267:             _Ty=int
D:\jiza\labs\lab-2\lab2\lab2.cpp(166,66): warning C4267:         ]
D:\jiza\labs\lab-2\lab2\lab2.cpp(228,36): warning C4267: =: преобразование из "size_t" в "int"; возможна потеря данных
  lab2.vcxproj -> D:\jiza\labs\lab-2\x64\Debug\lab2.exe
